\BOOKMARK [1][-]{section.1}{1. Au sujet de cette FAQ}{}
\BOOKMARK [2][-]{subsection.1.1}{1.1. Où est-ce que je peux trouver la plus récente version de cette FAQ?}{section.1}
\BOOKMARK [2][-]{subsection.1.2}{1.2. Est-ce que je peux reproduire cette FAQ sur mon site? }{section.1}
\BOOKMARK [2][-]{subsection.1.3}{1.3. J'ai trouvé une erreur ou une imprécision dans la FAQ, ou bien alors, j'ai une question que j'aimerais voir dans la FAQ, que dois-je faire?}{section.1}
\BOOKMARK [2][-]{subsection.1.4}{1.4. Si j'utilise cette FAQ pour un travail, un article ou un rapport, est-ce que je peux citer la FAQ?}{section.1}
\BOOKMARK [2][-]{subsection.1.5}{1.5. Est-ce qu'il existe une version PDF de ce document?}{section.1}
\BOOKMARK [1][-]{section.2}{2. Qu'est-ce que les ondelettes?}{}
\BOOKMARK [2][-]{subsection.2.1}{2.1. Qu'est-ce qu'une ondelette?}{section.2}
\BOOKMARK [2][-]{subsection.2.2}{2.2. Qu'est-ce qu'une ondelette discrète?}{section.2}
\BOOKMARK [2][-]{subsection.2.3}{2.3. Quel est le lien entre les ondelettes discrètes et les ondelettes continues?}{section.2}
\BOOKMARK [2][-]{subsection.2.4}{2.4. Qu'elles sont les ondelettes disponibles?}{section.2}
\BOOKMARK [2][-]{subsection.2.5}{2.5. Comment puis-je trouver la forme analytique d'une ondelette?}{section.2}
\BOOKMARK [2][-]{subsection.2.6}{2.6. Comment traduit-on << \040frame \040>>?}{section.2}
\BOOKMARK [2][-]{subsection.2.7}{2.7. Quelle est la meilleure ondelette?}{section.2}
\BOOKMARK [2][-]{subsection.2.8}{2.8. Est-ce que les ondelettes sont meilleures que la transformation de Fourier?}{section.2}
\BOOKMARK [2][-]{subsection.2.9}{2.9. Comment est-ce que les ondelettes \(FWT, DWT\) se comparent à la transformée de Fourier par fenêtres \(Short Time Fourier Transform, STFT\)?}{section.2}
\BOOKMARK [2][-]{subsection.2.10}{2.10. Je veux faire de l'analyse fréquencielle par ondelettes, comment faire?}{section.2}
\BOOKMARK [2][-]{subsection.2.11}{2.11. Concernant le problème de la régularité des ondelettes, est-ce que les splines ne sont pas la solution idéale?}{section.2}
\BOOKMARK [1][-]{section.3}{3. Un peu de théorie solide}{}
\BOOKMARK [2][-]{subsection.3.1}{3.1. Qu'est-ce que les ondelettes orthogonales, biorthogonales?}{section.3}
\BOOKMARK [2][-]{subsection.3.2}{3.2. Pourquoi utiliser les ondelettes biorthogonales?}{section.3}
\BOOKMARK [2][-]{subsection.3.3}{3.3. Qu'est-ce qu'une base de Riez?}{section.3}
\BOOKMARK [2][-]{subsection.3.4}{3.4. Est-ce qu'il y a une autre définition pour les bases de Riesz? \(contribuée par F. Lenardon\)}{section.3}
\BOOKMARK [2][-]{subsection.3.5}{3.5. Qu'est-ce qu'un repère?}{section.3}
\BOOKMARK [2][-]{subsection.3.6}{3.6. Qu'est-ce qu'un repère étroit \(tight frame\)?}{section.3}
\BOOKMARK [2][-]{subsection.3.7}{3.7. Est-ce qu'un repère est une base de Riesz?}{section.3}
\BOOKMARK [2][-]{subsection.3.8}{3.8. Est-ce qu'un repère étroit est une base de Riesz?}{section.3}
\BOOKMARK [2][-]{subsection.3.9}{3.9. Est-ce qu'une base de Riesz est un repère?}{section.3}
\BOOKMARK [2][-]{subsection.3.10}{3.10. Quel est l'importance d'avoir un repère?}{section.3}
\BOOKMARK [2][-]{subsection.3.11}{3.11. Qu'est-ce que le nombre de moments nuls et quel lien fait-on avec la régularité?}{section.3}
\BOOKMARK [2][-]{subsection.3.12}{3.12. Pourquoi la transformée de Fourier F\(w\) d'une fonction L1, f\(x\), tend vers zéro quand w devient grand.}{section.3}
\BOOKMARK [2][-]{subsection.3.13}{3.13. Comment calculer la fréquence instantanée d'un signal non stationaire avec les ondelettes?}{section.3}
\BOOKMARK [2][-]{subsection.3.14}{3.14. Est-ce qu'il existe des ondelettes respectant la causalité?}{section.3}
\BOOKMARK [1][-]{section.4}{4. Logiciel}{}
\BOOKMARK [2][-]{subsection.4.1}{4.1. J'utilise Matlab et je veux faire des ondelettes sans payer?}{section.4}
\BOOKMARK [2][-]{subsection.4.2}{4.2. Où est-ce que je peux trouver du code Java?}{section.4}
\BOOKMARK [2][-]{subsection.4.3}{4.3. Où est-ce que je peux trouver du code C/C++?}{section.4}
\BOOKMARK [2][-]{subsection.4.4}{4.4. Je veux faire de la compression d'images ou de la compression vidéo par ondelettes! Veuillez m'envoyer du code!}{section.4}
\BOOKMARK [2][-]{subsection.4.5}{4.5. Qu'est-ce que JPEG2000?}{section.4}
\BOOKMARK [2][-]{subsection.4.6}{4.6. Je veux faire du développement MPEG, où est-ce que je peux trouver le code?}{section.4}
\BOOKMARK [1][-]{section.5}{5. Applications}{}
\BOOKMARK [2][-]{subsection.5.1}{5.1. Quelles sont les principales applications des ondelettes?}{section.5}
\BOOKMARK [2][-]{subsection.5.2}{5.2. J'ai bien compris comment faire la transformation par ondelettes sur un signal 1D, comment faire pour transformer une image?}{section.5}
\BOOKMARK [2][-]{subsection.5.3}{5.3. La transformée par ondelettes ne s'applique que pour des matrices de taille 2p, donc pour des images de 2p pixels fois 2p pixels ? Alors comment faire pour des images non carrées et/ou de coté différent d'une puissance de 2 \(par exemple 800*600 ou 1024*768\) .}{section.5}
\BOOKMARK [2][-]{subsection.5.4}{5.4. Qu'est-ce que le débruitage par ondelettes?}{section.5}
\BOOKMARK [2][-]{subsection.5.5}{5.5. L' algorithme par ondelettes prend une image MN et va en faire un tableau de MN coefficients, où est la compression? }{section.5}
\BOOKMARK [2][-]{subsection.5.6}{5.6. Qu'est-ce que le codage entropique ou codage d'entropie?}{section.5}
\BOOKMARK [2][-]{subsection.5.7}{5.7. L'image couleur résulte de la superposition de 3 matrices \(1 codant chaque couleur primaire \040: rouge vert bleu\). Applique-ton l'agorithme pour chaque matrice ? }{section.5}
\BOOKMARK [2][-]{subsection.5.8}{5.8. En compression vidéo, on peut faire mieux que Fourier avec les ondelettes?}{section.5}
\BOOKMARK [2][-]{subsection.5.9}{5.9. Quelle est la différence entre la compression par ondelettes pour la vidéo \(MPEG\) et pour les images statiques \(JPEG2000\)?}{section.5}
\BOOKMARK [2][-]{subsection.5.10}{5.10. Où est-ce que je peux trouver les références concernant les formats MPEG?}{section.5}
