98.06.03 11:10 B Z:\downloads\cogeco\NathalieLampron\cheveuxlongs.jpg <-- @mon site /NathalieLampron cheveuxlongs.jpg
98.06.03 11:10 B Z:\downloads\cogeco\NathalieLampron\index.html <-- @mon site /NathalieLampron index.html
98.06.03 11:10 B Z:\downloads\cogeco\NathalieLampron\mau.jpg <-- @mon site /NathalieLampron mau.jpg
98.06.03 11:11 B Z:\downloads\cogeco\NathalieLampron\MauEgyptien.html <-- @mon site /NathalieLampron MauEgyptien.html
98.06.03 11:11 B Z:\downloads\cogeco\NathalieLampron\milou.gif <-- @mon site /NathalieLampron milou.gif
98.06.03 11:11 B Z:\downloads\cogeco\NathalieLampron\nfc.jpg <-- @mon site /NathalieLampron nfc.jpg
98.06.03 11:11 B Z:\downloads\cogeco\NathalieLampron\Norvegien.html <-- @mon site /NathalieLampron Norvegien.html
98.06.03 11:11 B Z:\downloads\cogeco\NathalieLampron\Somali.html <-- @mon site /NathalieLampron Somali.html
98.06.03 11:11 B Z:\downloads\cogeco\NathalieLampron\somali.jpg <-- @mon site /NathalieLampron somali.jpg
98.06.03 11:11 B Z:\downloads\cogeco\NathalieLampron\Sphinx.html <-- @mon site /NathalieLampron Sphinx.html
98.06.03 11:11 B Z:\downloads\cogeco\NathalieLampron\sphynx.jpg <-- @mon site /NathalieLampron sphynx.jpg
98.08.10 18:12 B D:\Page web megacom\WS_FTP.LOG <-- Mégacom /usr/local/etc/httpd/htdocs/home/lampronn/public_html WS_FTP.LOG
98.08.11 14:59 B e:\Page_web_megacom\nathalie.html <-- Mégacom /usr/local/etc/httpd/htdocs/home/lampronn/public_html nathalie.html
98.08.11 15:05 B e:\Page_web_megacom\nathalie.html --> ftp.megacom.net /usr/local/etc/httpd/htdocs/home/lampronn/public_html nathalie.html
98.08.12 19:00 B e:\Page_web_megacom\Norvegien.html <-- Mégacom /usr/local/etc/httpd/htdocs/home/lampronn/public_html Norvegien.html
98.08.12 19:22 B e:\Page_web_megacom\Norvegien.html --> ftp.megacom.net /usr/local/etc/httpd/htdocs/home/lampronn/public_html Norvegien.html
98.08.12 19:23 B e:\Page_web_megacom\ILSE.jpg --> ftp.megacom.net /usr/local/etc/httpd/htdocs/home/lampronn/public_html ILSE.jpg
98.08.12 19:24 B e:\Page_web_megacom\Norvegien.html --> ftp.megacom.net /usr/local/etc/httpd/htdocs/home/lampronn/public_html Norvegien.html
98.08.12 19:25 B e:\Page_web_megacom\index.html <-- Mégacom /usr/local/etc/httpd/htdocs/home/lampronn/public_html index.html
98.08.12 19:26 B e:\Page_web_megacom\index.html --> ftp.megacom.net /usr/local/etc/httpd/htdocs/home/lampronn/public_html index.html
98.08.13 11:59 B e:\Page_web_megacom\annie.htg --> ftp.bibliotheque.le-village.com / annie.htg
98.08.13 11:59 B e:\Page_web_megacom\annie.html --> ftp.bibliotheque.le-village.com / annie.html
98.08.13 11:59 B e:\Page_web_megacom\ANNIE.jpg --> ftp.bibliotheque.le-village.com / ANNIE.jpg
98.08.13 12:00 B e:\Page_web_megacom\bianca.gif --> ftp.bibliotheque.le-village.com / bianca.gif
98.08.13 12:00 B e:\Page_web_megacom\Bouette.gif --> ftp.bibliotheque.le-village.com / Bouette.gif
98.08.13 12:00 B e:\Page_web_megacom\CAT3.gif --> ftp.bibliotheque.le-village.com / CAT3.gif
98.08.13 12:00 B e:\Page_web_megacom\cheveuxlongs.jpg --> ftp.bibliotheque.le-village.com / cheveuxlongs.jpg
98.08.13 12:00 B e:\Page_web_megacom\dessins.html --> ftp.bibliotheque.le-village.com / dessins.html
98.08.13 12:00 B e:\Page_web_megacom\ELENDRIL.jpg --> ftp.bibliotheque.le-village.com / ELENDRIL.jpg
98.08.13 12:00 B e:\Page_web_megacom\haddock.gif --> ftp.bibliotheque.le-village.com / haddock.gif
98.08.13 12:01 B e:\Page_web_megacom\ILSE.jpg --> ftp.bibliotheque.le-village.com / ILSE.jpg
98.08.13 12:01 B e:\Page_web_megacom\index.html --> ftp.bibliotheque.le-village.com / index.html
98.08.13 12:01 B e:\Page_web_megacom\lionne.gif --> ftp.bibliotheque.le-village.com / lionne.gif
98.08.13 12:01 B e:\Page_web_megacom\MauEgyptien.html --> ftp.bibliotheque.le-village.com / MauEgyptien.html
98.08.13 12:01 B e:\Page_web_megacom\mg2.gif --> ftp.bibliotheque.le-village.com / mg2.gif
98.08.13 12:02 B e:\Page_web_megacom\milou.gif --> ftp.bibliotheque.le-village.com / milou.gif
98.08.13 12:02 B e:\Page_web_megacom\milou2.gif --> ftp.bibliotheque.le-village.com / milou2.gif
98.08.13 12:02 B e:\Page_web_megacom\minuit.gif --> ftp.bibliotheque.le-village.com / minuit.gif
98.08.13 12:02 B e:\Page_web_megacom\minuit.html --> ftp.bibliotheque.le-village.com / minuit.html
98.08.13 12:03 B e:\Page_web_megacom\moto.gif --> ftp.bibliotheque.le-village.com / moto.gif
98.08.13 12:03 B e:\Page_web_megacom\nathalie.html --> ftp.bibliotheque.le-village.com / nathalie.html
98.08.13 12:03 B e:\Page_web_megacom\Norvegien.html --> ftp.bibliotheque.le-village.com / Norvegien.html
98.08.13 12:03 B e:\Page_web_megacom\NUIT.jpg --> ftp.bibliotheque.le-village.com / NUIT.jpg
98.08.13 12:04 B e:\Page_web_megacom\paon.gif --> ftp.bibliotheque.le-village.com / paon.gif
98.08.13 12:04 B e:\Page_web_megacom\Somali.html --> ftp.bibliotheque.le-village.com / Somali.html
98.08.13 12:05 B e:\Page_web_megacom\somali.jpg --> ftp.bibliotheque.le-village.com / somali.jpg
98.08.13 12:05 B e:\Page_web_megacom\Sphinx.html --> ftp.bibliotheque.le-village.com / Sphinx.html
98.08.13 12:05 B e:\Page_web_megacom\sphynx.jpg --> ftp.bibliotheque.le-village.com / sphynx.jpg
98.08.13 12:05 B e:\Page_web_megacom\trad.htm --> ftp.bibliotheque.le-village.com / trad.htm
98.08.13 12:06 B e:\Page_web_megacom\webdoc2.htm --> ftp.bibliotheque.le-village.com / webdoc2.htm
99.08.06 17:58 B C:\site_web\ws_ftp.log <-- Village / ws_ftp.log
99.08.06 17:58 B C:\site_web\yahoo.html <-- Village / yahoo.html
99.08.06 17:58 B C:\site_web\yahoo1.jpg <-- Village / yahoo1.jpg
99.08.06 17:58 B C:\site_web\yahoo10.jpg <-- Village / yahoo10.jpg
99.08.06 17:58 B C:\site_web\yahoo2.html <-- Village / yahoo2.html
99.08.06 17:58 B C:\site_web\yahoo2.jpg <-- Village / yahoo2.jpg
99.08.06 17:58 B C:\site_web\yahoo3.jpg <-- Village / yahoo3.jpg
99.08.06 17:58 B C:\site_web\yahoo4.jpg <-- Village / yahoo4.jpg
99.08.06 17:58 B C:\site_web\yahoo5.jpg <-- Village / yahoo5.jpg
99.08.06 17:58 B C:\site_web\yahoo6.jpg <-- Village / yahoo6.jpg
99.08.06 17:58 B C:\site_web\yahoo7.jpg <-- Village / yahoo7.jpg
99.08.06 17:58 B C:\site_web\yahoo8.jpg <-- Village / yahoo8.jpg
99.08.06 17:58 B C:\site_web\yahoo9.jpg <-- Village / yahoo9.jpg
99.08.26 08:41 B C:\site_web\nathalie.html --> bibliotheque.le-village.com / nathalie.html
99.09.02 15:24 B C:\site_web\appletjava.html --> bibliotheque.le-village.com / appletjava.html
99.09.02 15:24 B C:\site_web\boule.html --> bibliotheque.le-village.com / boule.html
99.09.02 15:24 B C:\site_web\dalijava.html --> bibliotheque.le-village.com / dalijava.html
99.09.02 15:24 B C:\site_web\dico.html --> bibliotheque.le-village.com / dico.html
99.09.02 15:24 B C:\site_web\dicodroit.html --> bibliotheque.le-village.com / dicodroit.html
99.09.02 15:24 B C:\site_web\dicogauche.html --> bibliotheque.le-village.com / dicogauche.html
99.09.02 15:25 B C:\site_web\herge_et_les_chats.html --> bibliotheque.le-village.com / herge_et_les_chats.html
99.09.02 15:25 B C:\site_web\index.html --> bibliotheque.le-village.com / index.html
99.09.02 15:25 B C:\site_web\jeremias.html --> bibliotheque.le-village.com / jeremias.html
99.09.02 15:25 B C:\site_web\liens.html --> bibliotheque.le-village.com / liens.html
99.09.02 15:25 B C:\site_web\mauegyptien.html --> bibliotheque.le-village.com / mauegyptien.html
99.09.02 15:25 B C:\site_web\minounejava.html --> bibliotheque.le-village.com / minounejava.html
99.09.02 15:25 B C:\site_web\moi.html --> bibliotheque.le-village.com / moi.html
99.09.02 15:25 B C:\site_web\nathalie.html --> bibliotheque.le-village.com / nathalie.html
99.09.02 15:25 B C:\site_web\netty.html --> bibliotheque.le-village.com / netty.html
99.09.02 15:25 B C:\site_web\norvegien.html --> bibliotheque.le-village.com / norvegien.html
99.09.02 15:25 B C:\site_web\somali.html --> bibliotheque.le-village.com / somali.html
99.09.02 15:25 B C:\site_web\sphinx.html --> bibliotheque.le-village.com / sphinx.html
99.09.02 15:25 B C:\site_web\terminoulogie.html --> bibliotheque.le-village.com / terminoulogie.html
99.09.02 15:25 B C:\site_web\tiksin.html --> bibliotheque.le-village.com / tiksin.html
99.09.02 15:25 B C:\site_web\tintin.htm --> bibliotheque.le-village.com / tintin.htm
99.09.02 15:25 B C:\site_web\tintinetmoi.htm --> bibliotheque.le-village.com / tintinetmoi.htm
99.09.02 15:25 B C:\site_web\toutou.html --> bibliotheque.le-village.com / toutou.html
99.09.02 15:25 B C:\site_web\yahoo.html --> bibliotheque.le-village.com / yahoo.html
99.09.02 15:25 B C:\site_web\yahoo2.html --> bibliotheque.le-village.com / yahoo2.html
99.09.02 16:03 B C:\site_web\moi.html --> bibliotheque.le-village.com / moi.html
99.09.02 16:04 B C:\site_web\moi.html --> bibliotheque.le-village.com / moi.html
99.09.02 16:18 B C:\site_web\fondgris.gif --> bibliotheque.le-village.com / fondgris.gif
99.09.02 23:41 B C:\site_web\nathalie.html --> bibliotheque.le-village.com / nathalie.html
99.09.02 23:41 B C:\site_web\toutou.html --> bibliotheque.le-village.com / toutou.html
99.09.06 15:32 B C:\site_web\tintin.htm --> bibliotheque.le-village.com / tintin.htm
99.09.11 20:00 B C:\site_web\nathalie.html --> bibliotheque.le-village.com / nathalie.html
