This is pdfTeX, Version 3.14159-13d (Web2C 7.3.1) (format=pdflatex 2001.3.27)  15 SEP 2001 17:25
**Steward_solutions_1_5__1_6.tex
(Steward_solutions_1_5__1_6.tex[/usr/share/texmf/pdftex/config/pdftex.cfg]
LaTeX2e <1999/12/01> patch level 1
Babel <v3.6Z> and hyphenation patterns for american, french, german, ngerman, i
talian, portuges, russian, spanish, nohyphenation, loaded.
(/usr/share/texmf/tex/latex/base/article.cls
Document Class: article 1999/09/10 v1.4a Standard LaTeX document class
(/usr/share/texmf/tex/latex/base/size12.clo
File: size12.clo 1999/09/10 v1.4a Standard LaTeX file (size option)
)
\c@part=\count79
\c@section=\count80
\c@subsection=\count81
\c@subsubsection=\count82
\c@paragraph=\count83
\c@subparagraph=\count84
\c@figure=\count85
\c@table=\count86
\abovecaptionskip=\skip41
\belowcaptionskip=\skip42
\bibindent=\dimen102
)
(/usr/share/texmf/tex/latex/base/fontenc.sty
Package: fontenc 1999/12/08 v1.9x Standard LaTeX package

(/usr/share/texmf/tex/latex/base/t1enc.def
File: t1enc.def 1999/12/08 v1.9x Standard LaTeX file
LaTeX Font Info:    Redeclaring font encoding T1 on input line 38.
))
(/usr/share/texmf/tex/latex/base/inputenc.sty
Package: inputenc 1999/09/17 v0.992 Input encoding file 

(/usr/share/texmf/tex/latex/base/latin1.def
File: latin1.def 1999/09/17 v0.992 Input encoding file 
))
(/usr/share/texmf/tex/generic/babel/babel.sty
Package: babel 1999/09/09 v3.6Z The Babel package

(/usr/share/texmf/tex/generic/babel/english.ldf
Language: english 1999/04/11 v3.3i English support from the babel system

(/usr/share/texmf/tex/generic/babel/babel.def
File: babel.def 1999/09/09 v3.6Z Babel common definitions
\babel@savecnt=\count87
\U@D=\dimen103
)))
(/usr/share/texmf/tex/latex/graphics/color.sty
Package: color 1999/02/16 v1.0i Standard LaTeX Color (DPC)

(/usr/share/texmf/tex/latex/config/color.cfg)
Package color Info: Driver file: pdftex.def on input line 125.

(/usr/share/texmf/tex/latex/graphics/pdftex.def
File: pdftex.def 1999/10/13 v0.02r graphics/color for pdftex
\Gread@gobject=\count88
))
(/usr/share/texmf/tex/latex/graphics/graphics.sty
Package: graphics 1999/02/16 v1.0l Standard LaTeX Graphics (DPC,SPQR)

(/usr/share/texmf/tex/latex/graphics/trig.sty
Package: trig 1999/03/16 v1.09 sin cos tan (DPC)
)
(/usr/share/texmf/tex/latex/config/graphics.cfg)
Package graphics Info: Driver file: pdftex.def on input line 80.
)
(/usr/share/texmf/tex/latex/tools/varioref.sty
Package: varioref 1999/12/02 v1.2c package for extended references (FMi)
\c@vrcnt=\count89
)
(/usr/share/texmf/tex/latex/graphics/epsfig.sty
Package: epsfig 1999/02/16 v1.7a (e)psfig emulation (SPQR)

(/usr/share/texmf/tex/latex/graphics/graphicx.sty
Package: graphicx 1999/02/16 v1.0f Enhanced LaTeX Graphics (DPC,SPQR)

(/usr/share/texmf/tex/latex/graphics/keyval.sty
Package: keyval 1999/03/16 v1.13 key=value parser (DPC)
\KV@toks@=\toks14
)
\Gin@req@height=\dimen104
\Gin@req@width=\dimen105
)
\epsfxsize=\dimen106
\epsfysize=\dimen107
)
(/usr/share/texmf/tex/latex/amsmath/amsmath.sty
Package: amsmath 2000/01/15 v2.05 AMS math features
\@mathmargin=\skip43

For additional information on amsmath, use the `?' option.
(/usr/share/texmf/tex/latex/amsmath/amstext.sty
Package: amstext 1999/11/15 v2.0

(/usr/share/texmf/tex/latex/amsmath/amsgen.sty
File: amsgen.sty 1999/11/30 v2.0
\@emptytoks=\toks15
\ex@=\dimen108
))
(/usr/share/texmf/tex/latex/amsmath/amsbsy.sty
Package: amsbsy 1999/11/29 v1.2d
\pmbraise@=\dimen109
)
(/usr/share/texmf/tex/latex/amsmath/amsopn.sty
Package: amsopn 1999/12/14 v2.01 operator names
)
\inf@bad=\count90
LaTeX Info: Redefining \frac on input line 198.
\uproot@=\count91
\leftroot@=\count92
LaTeX Info: Redefining \overline on input line 302.
\classnum@=\count93
\DOTSCASE@=\count94
LaTeX Info: Redefining \ldots on input line 376.
LaTeX Info: Redefining \dots on input line 379.
LaTeX Info: Redefining \cdots on input line 464.
\Mathstrutbox@=\box26
\strutbox@=\box27
\big@size=\dimen110
LaTeX Font Info:    Redeclaring font encoding OML on input line 563.
LaTeX Font Info:    Redeclaring font encoding OMS on input line 564.
\macc@skew=\dimen111
\c@MaxMatrixCols=\count95
\dotsspace@=\muskip10
\c@parentequation=\count96
\dspbrk@lvl=\count97
\tag@help=\toks16
\row@=\count98
\column@=\count99
\maxfields@=\count100
\andhelp@=\toks17
\eqnshift@=\dimen112
\alignsep@=\dimen113
\tagshift@=\dimen114
\tagwidth@=\dimen115
\totwidth@=\dimen116
\lineht@=\dimen117
\@envbody=\toks18
\multlinegap=\skip44
\multlinetaggap=\skip45
LaTeX Info: Redefining \[ on input line 2594.
LaTeX Info: Redefining \] on input line 2595.
)
(/usr/share/texmf/tex/latex/amsfonts/amssymb.sty
Package: amssymb 1996/11/03 v2.2b

(/usr/share/texmf/tex/latex/amsfonts/amsfonts.sty
Package: amsfonts 1997/09/17 v2.2e
\symAMSa=\mathgroup4
\symAMSb=\mathgroup5
LaTeX Font Info:    Overwriting math alphabet `\mathfrak' in version `bold'
(Font)                  U/euf/m/n --> U/euf/b/n on input line 133.
))
(/usr/share/texmf/tex/latex/misc/pslatex.sty
Package: pslatex 1996/07/24 v1.2 pslatex emulation (DPC)
LaTeX Font Info:    Redeclaring symbol font `operators' on input line 65.
LaTeX Font Info:    Overwriting symbol font `operators' in version `normal'
(Font)                  OT1/cmr/m/n --> OT1/ptmcm/m/n on input line 65.
LaTeX Font Info:    Overwriting symbol font `operators' in version `bold'
(Font)                  OT1/cmr/bx/n --> OT1/ptmcm/m/n on input line 65.
LaTeX Font Info:    Redeclaring symbol font `letters' on input line 66.
LaTeX Font Info:    Overwriting symbol font `letters' in version `normal'
(Font)                  OML/cmm/m/it --> OML/ptmcm/m/it on input line 66.
LaTeX Font Info:    Overwriting symbol font `letters' in version `bold'
(Font)                  OML/cmm/b/it --> OML/ptmcm/m/it on input line 66.
LaTeX Font Info:    Redeclaring symbol font `symbols' on input line 67.
LaTeX Font Info:    Overwriting symbol font `symbols' in version `normal'
(Font)                  OMS/cmsy/m/n --> OMS/pzccm/m/n on input line 67.
LaTeX Font Info:    Overwriting symbol font `symbols' in version `bold'
(Font)                  OMS/cmsy/b/n --> OMS/pzccm/m/n on input line 67.
LaTeX Font Info:    Redeclaring symbol font `largesymbols' on input line 68.
LaTeX Font Info:    Overwriting symbol font `largesymbols' in version `normal'
(Font)                  OMX/cmex/m/n --> OMX/psycm/m/n on input line 68.
LaTeX Font Info:    Overwriting symbol font `largesymbols' in version `bold'
(Font)                  OMX/cmex/m/n --> OMX/psycm/m/n on input line 68.
\symbold=\mathgroup6
\symitalic=\mathgroup7
LaTeX Font Info:    Redeclaring math alphabet \mathbf on input line 74.
LaTeX Font Info:    Overwriting math alphabet `\mathbf' in version `normal'
(Font)                  OT1/cmr/bx/n --> OT1/ptm/bx/n on input line 74.
LaTeX Font Info:    Overwriting math alphabet `\mathbf' in version `bold'
(Font)                  OT1/cmr/bx/n --> OT1/ptm/bx/n on input line 74.
LaTeX Font Info:    Redeclaring math alphabet \mathit on input line 75.
LaTeX Font Info:    Overwriting math alphabet `\mathit' in version `normal'
(Font)                  OT1/cmr/m/it --> OT1/ptm/m/it on input line 75.
LaTeX Font Info:    Overwriting math alphabet `\mathit' in version `bold'
(Font)                  OT1/cmr/bx/it --> OT1/ptm/m/it on input line 75.
)
(/usr/share/texmf/tex/latex/hyperref/hyperref.sty
Package: hyperref 2000/05/08 v6.70f Hypertext links for LaTeX
\@linkdim=\dimen118
\Hy@linkcounter=\count101
\Hy@pagecounter=\count102

(/usr/share/texmf/tex/latex/hyperref/pd1enc.def
File: pd1enc.def 2000/05/08 v6.70f Hyperref: PDFDocEncoding definition (HO)
)
Package hyperref Info: Option `colorlinks' set `true' on input line 1425.
Package hyperref Info: Bookmarks ON on input line 1483.
Package hyperref Info: Hyper figures OFF on input line 1502.
Package hyperref Info: Link nesting OFF on input line 1507.
Package hyperref Info: Hyper index ON on input line 1510.
Package hyperref Info: Plain pages ON on input line 1515.
Package hyperref Info: Backreferencing OFF on input line 1522.

Implicit mode ON; LaTeX internals redefined
(/usr/share/texmf/tex/latex/html/url.sty
Package: url 1999/03/02  ver 1.4  Verb mode for urls, email addresses, and file
 names
)
\Fld@menulength=\count103
\Field@Width=\dimen119
\Fld@charsize=\dimen120
\Choice@toks=\toks19
\Field@toks=\toks20
Package hyperref Info: Hyper figures OFF on input line 2153.
Package hyperref Info: Link nesting OFF on input line 2158.
Package hyperref Info: Hyper index ON on input line 2161.
Package hyperref Info: backreferencing OFF on input line 2168.
Package hyperref Info: Link coloring ON on input line 2171.
\c@Item=\count104
\c@Hfootnote=\count105
)
*hyperref using driver hpdftex*
(/usr/share/texmf/tex/latex/hyperref/hpdftex.def
File: hpdftex.def 2000/05/08 v6.70f Hyperref driver for pdfTeX

(/usr/share/texmf/tex/latex/psnfss/pifont.sty
Package: pifont 1999/03/29 PSNFSS v.7.2 Pi font support : S Rahtz
LaTeX Font Info:    Try loading font information for U+pzd on input line 63.

(/usr/share/texmf/tex/latex/psnfss/upzd.fd
File: upzd.fd 1998/07/06 font definitions for U/pzd.
)
LaTeX Font Info:    Try loading font information for U+psy on input line 64.

(/usr/share/texmf/tex/latex/psnfss/upsy.fd
File: upsy.fd 1998/07/06 font definitions for U/psy.
))
\Fld@listcount=\count106
\@outlinefile=\write3
)
(/usr/share/texmf/tex/latex/misc/float.sty
Package: float 1999/05/29 v1.2d Float enhancements (AL)
\c@float@type=\count107
\float@box=\box28
\@floatcapt=\box29
)
(/usr/share/texmf/tex/latex/dstroke/dsfont.sty
Package: dsfont 1995/08/01 v0.1 Double stroke roman fonts
) (Steward_solutions_1_5__1_6.aux)
\openout1 = `Steward_solutions_1_5__1_6.aux'.

LaTeX Font Info:    Checking defaults for OML/cmm/m/it on input line 130.
LaTeX Font Info:    ... okay on input line 130.
LaTeX Font Info:    Checking defaults for T1/cmr/m/n on input line 130.
LaTeX Font Info:    ... okay on input line 130.
LaTeX Font Info:    Checking defaults for OT1/cmr/m/n on input line 130.
LaTeX Font Info:    ... okay on input line 130.
LaTeX Font Info:    Checking defaults for OMS/pzccm/m/n on input line 130.
LaTeX Font Info:    Try loading font information for OMS+pzccm on input line 13
0.
 (/usr/share/texmf/tex/latex/mathptm/omspzccm.fd
File: omspzccm.fd 1998/07/01 Fontinst v1.800 font definitions for OMS/pzccm.
)
LaTeX Font Info:    ... okay on input line 130.
LaTeX Font Info:    Checking defaults for OMX/cmex/m/n on input line 130.
LaTeX Font Info:    ... okay on input line 130.
LaTeX Font Info:    Checking defaults for U/cmr/m/n on input line 130.
LaTeX Font Info:    ... okay on input line 130.
LaTeX Font Info:    Checking defaults for PD1/pdf/m/n on input line 130.
LaTeX Font Info:    ... okay on input line 130.

(/usr/share/texmf/tex/context/base/supp-pdf.tex
(/usr/share/texmf/tex/context/base/supp-mis.tex
loading : Context Support Macros / Missing
\protectiondepth=\count108
\scratchcounter=\count109
\scratchdimen=\dimen121
\scratchskip=\skip46
\scratchmuskip=\muskip11
\scratchbox=\box30
\scratchread=\read1
\scratchwrite=\write4
\nextbox=\box31
\nextdepth=\dimen122
\everyline=\toks21
\!!counta=\count110
\!!countb=\count111
\recursecounter=\count112
)
loading : Context Support Macros / PDF
\nofMPsegments=\count113
\nofMParguments=\count114
)
Package hyperref Info: Link coloring ON on input line 130.
 (/usr/share/texmf/tex/latex/hyperref/nameref.sty
Package: nameref 2000/05/08 v2.18 Cross-referencing by name of section
\c@section@level=\count115
)
(Steward_solutions_1_5__1_6.out) (Steward_solutions_1_5__1_6.out)
\openout3 = `Steward_solutions_1_5__1_6.out'.

LaTeX Info: Redefining \ref on input line 130.
LaTeX Info: Redefining \pageref on input line 130.
LaTeX Font Info:    Font shape `T1/ptm/bx/n' in size <20.74> not available
(Font)              Font shape `T1/ptm/b/n' tried instead on input line 141.
LaTeX Font Info:    Try loading font information for OT1+ptmcm on input line 14
1.

(/usr/share/texmf/tex/latex/mathptm/ot1ptmcm.fd
File: ot1ptmcm.fd 1998/07/01 Fontinst v1.800 font definitions for OT1/ptmcm.
)
LaTeX Font Info:    Try loading font information for OML+ptmcm on input line 14
1.

(/usr/share/texmf/tex/latex/mathptm/omlptmcm.fd
File: omlptmcm.fd 1998/07/01 Fontinst v1.800 font definitions for OML/ptmcm.
)
LaTeX Font Info:    Try loading font information for OMX+psycm on input line 14
1.

(/usr/share/texmf/tex/latex/mathptm/omxpsycm.fd
File: omxpsycm.fd 1998/07/01 Fontinst v1.800 font definitions for OMX/psycm.
)
LaTeX Font Info:    Try loading font information for U+msa on input line 141.

(/usr/share/texmf/tex/latex/amsfonts/umsa.fd
File: umsa.fd 1995/01/05 v2.2e AMS font definitions
)
LaTeX Font Info:    Try loading font information for U+msb on input line 141.

(/usr/share/texmf/tex/latex/amsfonts/umsb.fd
File: umsb.fd 1995/01/05 v2.2e AMS font definitions
)
LaTeX Font Info:    Font shape `OT1/ptm/bx/n' in size <14.4> not available
(Font)              Font shape `OT1/ptm/b/n' tried instead on input line 141.
LaTeX Font Info:    Font shape `OT1/ptm/bx/n' in size <10.95> not available
(Font)              Font shape `OT1/ptm/b/n' tried instead on input line 141.
LaTeX Font Info:    Font shape `OT1/ptm/bx/n' in size <8> not available
(Font)              Font shape `OT1/ptm/b/n' tried instead on input line 141.
LaTeX Font Info:    Font shape `T1/ptm/bx/n' in size <17.28> not available
(Font)              Font shape `T1/ptm/b/n' tried instead on input line 142.
 (Steward_solutions_1_5__1_6.toc
LaTeX Font Info:    Font shape `T1/ptm/bx/n' in size <12> not available
(Font)              Font shape `T1/ptm/b/n' tried instead on input line 2.
LaTeX Font Info:    Font shape `OT1/ptm/bx/n' in size <12> not available
(Font)              Font shape `OT1/ptm/b/n' tried instead on input line 3.
LaTeX Font Info:    Font shape `OT1/ptm/bx/n' in size <9> not available
(Font)              Font shape `OT1/ptm/b/n' tried instead on input line 3.
LaTeX Font Info:    Font shape `OT1/ptm/bx/n' in size <7> not available
(Font)              Font shape `OT1/ptm/b/n' tried instead on input line 3.
)
\tf@toc=\write5
\openout5 = `Steward_solutions_1_5__1_6.toc'.

LaTeX Font Info:    Font shape `T1/ptm/bx/n' in size <14.4> not available
(Font)              Font shape `T1/ptm/b/n' tried instead on input line 151.


Package hyperref Warning: Token not allowed in a PDFDocEncoded string,
(hyperref)                removing `\noindent' on input line 151.

<question1_5_14.pdf 180.67499pt, 126.47249pt, obj 23>
File: question1_5_14.pdf Graphic file (type pdf)
 <use question1_5_14.pdf>

LaTeX Warning: `h' float specifier changed to `ht'.

<question1_5_14b.pdf 180.67499pt, 126.47249pt, obj 27>
File: question1_5_14b.pdf Graphic file (type pdf)

<use question1_5_14b.pdf>

LaTeX Warning: `h' float specifier changed to `ht'.

[1

[/usr/share/texmf/dvips/config/pdftex.map]]
LaTeX Font Info:    Font shape `OT1/ptm/bx/n' in size <10> not available
(Font)              Font shape `OT1/ptm/b/n' tried instead on input line 210.
LaTeX Font Info:    Font shape `OT1/ptm/bx/n' in size <7.4> not available
(Font)              Font shape `OT1/ptm/b/n' tried instead on input line 210.
LaTeX Font Info:    Font shape `OT1/ptm/bx/n' in size <6> not available
(Font)              Font shape `OT1/ptm/b/n' tried instead on input line 210.
 [2 <./question1_5_14.pdf> <./question1_5_14b.pdf>] <question1_5_24.pdf 180.674
99pt, 126.47249pt, obj 81>
File: question1_5_24.pdf Graphic file (type pdf)

<use question1_5_24.pdf>

LaTeX Warning: `h' float specifier changed to `ht'.

[3] <question1_6_18.pdf 180.67499pt, 126.47249pt, obj 104>
File: question1_6_18.pdf Graphic file (type pdf)

<use question1_6_18.pdf> [4 <./question1_5_24.pdf> <./question1_6_18.pdf>]
<question1_6_28.pdf 180.67499pt, 126.47249pt, obj 125>
File: question1_6_28.pdf Graphic file (type pdf)

<use question1_6_28.pdf> <question1_6_28b.pdf 180.67499pt, 126.47249pt,
obj 126>
File: question1_6_28b.pdf Graphic file (type pdf)
 <use question1_6_28b.pdf> [5 <./question1_6_28.pdf> <./question1_6_28b.pdf>] <
question1_6_42.pdf 180.67499pt, 126.47249pt, obj 153>
File: question1_6_42.pdf Graphic file (type pdf)

<use question1_6_42.pdf> [6 <./question1_6_42.pdf>] [7]
(Steward_solutions_1_5__1_6.aux)

LaTeX Warning: Label(s) may have changed. Rerun to get cross-references right.

 ) 
Here is how much of TeX's memory you used:
 4128 strings out of 50593
 49807 string characters out of 692055
 106277 words of memory out of 1500001
 6975 multiletter control sequences out of 10000+25000
 79350 words of font info for 138 fonts, out of 400000 for 1000
 26 hyphenation exceptions out of 10000
 30i,8n,39p,242b,540s stack positions out of 3000i,500n,3000p,50000b,5000s
<cmex10.pfb><cmmi10.pfb><cmsy10.pfb><cmr10.pfb><8r.enc>
Output written on Steward_solutions_1_5__1_6.pdf (7 pages, 72298 bytes).
