This is pdfTeX, Version 3.14159-13d (Web2C 7.3.1) (format=pdflatex 2001.3.27)  15 SEP 2001 17:25
**Steward_solutions_1_5__1_6__2_1__2_2__2_3.tex
(Steward_solutions_1_5__1_6__2_1__2_2__2_3.tex[/usr/share/texmf/pdftex/config/p
dftex.cfg]
LaTeX2e <1999/12/01> patch level 1
Babel <v3.6Z> and hyphenation patterns for american, french, german, ngerman, i
talian, portuges, russian, spanish, nohyphenation, loaded.
(/usr/share/texmf/tex/latex/base/article.cls
Document Class: article 1999/09/10 v1.4a Standard LaTeX document class
(/usr/share/texmf/tex/latex/base/size12.clo
File: size12.clo 1999/09/10 v1.4a Standard LaTeX file (size option)
)
\c@part=\count79
\c@section=\count80
\c@subsection=\count81
\c@subsubsection=\count82
\c@paragraph=\count83
\c@subparagraph=\count84
\c@figure=\count85
\c@table=\count86
\abovecaptionskip=\skip41
\belowcaptionskip=\skip42
\bibindent=\dimen102
)
(/usr/share/texmf/tex/latex/base/fontenc.sty
Package: fontenc 1999/12/08 v1.9x Standard LaTeX package

(/usr/share/texmf/tex/latex/base/t1enc.def
File: t1enc.def 1999/12/08 v1.9x Standard LaTeX file
LaTeX Font Info:    Redeclaring font encoding T1 on input line 38.
))
(/usr/share/texmf/tex/latex/base/inputenc.sty
Package: inputenc 1999/09/17 v0.992 Input encoding file 

(/usr/share/texmf/tex/latex/base/latin1.def
File: latin1.def 1999/09/17 v0.992 Input encoding file 
))
(/usr/share/texmf/tex/generic/babel/babel.sty
Package: babel 1999/09/09 v3.6Z The Babel package

(/usr/share/texmf/tex/generic/babel/english.ldf
Language: english 1999/04/11 v3.3i English support from the babel system

(/usr/share/texmf/tex/generic/babel/babel.def
File: babel.def 1999/09/09 v3.6Z Babel common definitions
\babel@savecnt=\count87
\U@D=\dimen103
)))
(/usr/share/texmf/tex/latex/graphics/color.sty
Package: color 1999/02/16 v1.0i Standard LaTeX Color (DPC)

(/usr/share/texmf/tex/latex/config/color.cfg)
Package color Info: Driver file: pdftex.def on input line 125.

(/usr/share/texmf/tex/latex/graphics/pdftex.def
File: pdftex.def 1999/10/13 v0.02r graphics/color for pdftex
\Gread@gobject=\count88
))
(/usr/share/texmf/tex/latex/graphics/graphics.sty
Package: graphics 1999/02/16 v1.0l Standard LaTeX Graphics (DPC,SPQR)

(/usr/share/texmf/tex/latex/graphics/trig.sty
Package: trig 1999/03/16 v1.09 sin cos tan (DPC)
)
(/usr/share/texmf/tex/latex/config/graphics.cfg)
Package graphics Info: Driver file: pdftex.def on input line 80.
)
(/usr/share/texmf/tex/latex/tools/varioref.sty
Package: varioref 1999/12/02 v1.2c package for extended references (FMi)
\c@vrcnt=\count89
)
(/usr/share/texmf/tex/latex/graphics/epsfig.sty
Package: epsfig 1999/02/16 v1.7a (e)psfig emulation (SPQR)

(/usr/share/texmf/tex/latex/graphics/graphicx.sty
Package: graphicx 1999/02/16 v1.0f Enhanced LaTeX Graphics (DPC,SPQR)

(/usr/share/texmf/tex/latex/graphics/keyval.sty
Package: keyval 1999/03/16 v1.13 key=value parser (DPC)
\KV@toks@=\toks14
)
\Gin@req@height=\dimen104
\Gin@req@width=\dimen105
)
\epsfxsize=\dimen106
\epsfysize=\dimen107
)
(/usr/share/texmf/tex/latex/amsmath/amsmath.sty
Package: amsmath 2000/01/15 v2.05 AMS math features
\@mathmargin=\skip43

For additional information on amsmath, use the `?' option.
(/usr/share/texmf/tex/latex/amsmath/amstext.sty
Package: amstext 1999/11/15 v2.0

(/usr/share/texmf/tex/latex/amsmath/amsgen.sty
File: amsgen.sty 1999/11/30 v2.0
\@emptytoks=\toks15
\ex@=\dimen108
))
(/usr/share/texmf/tex/latex/amsmath/amsbsy.sty
Package: amsbsy 1999/11/29 v1.2d
\pmbraise@=\dimen109
)
(/usr/share/texmf/tex/latex/amsmath/amsopn.sty
Package: amsopn 1999/12/14 v2.01 operator names
)
\inf@bad=\count90
LaTeX Info: Redefining \frac on input line 198.
\uproot@=\count91
\leftroot@=\count92
LaTeX Info: Redefining \overline on input line 302.
\classnum@=\count93
\DOTSCASE@=\count94
LaTeX Info: Redefining \ldots on input line 376.
LaTeX Info: Redefining \dots on input line 379.
LaTeX Info: Redefining \cdots on input line 464.
\Mathstrutbox@=\box26
\strutbox@=\box27
\big@size=\dimen110
LaTeX Font Info:    Redeclaring font encoding OML on input line 563.
LaTeX Font Info:    Redeclaring font encoding OMS on input line 564.
\macc@skew=\dimen111
\c@MaxMatrixCols=\count95
\dotsspace@=\muskip10
\c@parentequation=\count96
\dspbrk@lvl=\count97
\tag@help=\toks16
\row@=\count98
\column@=\count99
\maxfields@=\count100
\andhelp@=\toks17
\eqnshift@=\dimen112
\alignsep@=\dimen113
\tagshift@=\dimen114
\tagwidth@=\dimen115
\totwidth@=\dimen116
\lineht@=\dimen117
\@envbody=\toks18
\multlinegap=\skip44
\multlinetaggap=\skip45
LaTeX Info: Redefining \[ on input line 2594.
LaTeX Info: Redefining \] on input line 2595.
)
(/usr/share/texmf/tex/latex/amsfonts/amssymb.sty
Package: amssymb 1996/11/03 v2.2b

(/usr/share/texmf/tex/latex/amsfonts/amsfonts.sty
Package: amsfonts 1997/09/17 v2.2e
\symAMSa=\mathgroup4
\symAMSb=\mathgroup5
LaTeX Font Info:    Overwriting math alphabet `\mathfrak' in version `bold'
(Font)                  U/euf/m/n --> U/euf/b/n on input line 133.
))
(/usr/share/texmf/tex/latex/misc/pslatex.sty
Package: pslatex 1996/07/24 v1.2 pslatex emulation (DPC)
LaTeX Font Info:    Redeclaring symbol font `operators' on input line 65.
LaTeX Font Info:    Overwriting symbol font `operators' in version `normal'
(Font)                  OT1/cmr/m/n --> OT1/ptmcm/m/n on input line 65.
LaTeX Font Info:    Overwriting symbol font `operators' in version `bold'
(Font)                  OT1/cmr/bx/n --> OT1/ptmcm/m/n on input line 65.
LaTeX Font Info:    Redeclaring symbol font `letters' on input line 66.
LaTeX Font Info:    Overwriting symbol font `letters' in version `normal'
(Font)                  OML/cmm/m/it --> OML/ptmcm/m/it on input line 66.
LaTeX Font Info:    Overwriting symbol font `letters' in version `bold'
(Font)                  OML/cmm/b/it --> OML/ptmcm/m/it on input line 66.
LaTeX Font Info:    Redeclaring symbol font `symbols' on input line 67.
LaTeX Font Info:    Overwriting symbol font `symbols' in version `normal'
(Font)                  OMS/cmsy/m/n --> OMS/pzccm/m/n on input line 67.
LaTeX Font Info:    Overwriting symbol font `symbols' in version `bold'
(Font)                  OMS/cmsy/b/n --> OMS/pzccm/m/n on input line 67.
LaTeX Font Info:    Redeclaring symbol font `largesymbols' on input line 68.
LaTeX Font Info:    Overwriting symbol font `largesymbols' in version `normal'
(Font)                  OMX/cmex/m/n --> OMX/psycm/m/n on input line 68.
LaTeX Font Info:    Overwriting symbol font `largesymbols' in version `bold'
(Font)                  OMX/cmex/m/n --> OMX/psycm/m/n on input line 68.
\symbold=\mathgroup6
\symitalic=\mathgroup7
LaTeX Font Info:    Redeclaring math alphabet \mathbf on input line 74.
LaTeX Font Info:    Overwriting math alphabet `\mathbf' in version `normal'
(Font)                  OT1/cmr/bx/n --> OT1/ptm/bx/n on input line 74.
LaTeX Font Info:    Overwriting math alphabet `\mathbf' in version `bold'
(Font)                  OT1/cmr/bx/n --> OT1/ptm/bx/n on input line 74.
LaTeX Font Info:    Redeclaring math alphabet \mathit on input line 75.
LaTeX Font Info:    Overwriting math alphabet `\mathit' in version `normal'
(Font)                  OT1/cmr/m/it --> OT1/ptm/m/it on input line 75.
LaTeX Font Info:    Overwriting math alphabet `\mathit' in version `bold'
(Font)                  OT1/cmr/bx/it --> OT1/ptm/m/it on input line 75.
)
(/usr/share/texmf/tex/latex/hyperref/hyperref.sty
Package: hyperref 2000/05/08 v6.70f Hypertext links for LaTeX
\@linkdim=\dimen118
\Hy@linkcounter=\count101
\Hy@pagecounter=\count102

(/usr/share/texmf/tex/latex/hyperref/pd1enc.def
File: pd1enc.def 2000/05/08 v6.70f Hyperref: PDFDocEncoding definition (HO)
)
Package hyperref Info: Option `colorlinks' set `true' on input line 1425.
Package hyperref Info: Bookmarks ON on input line 1483.
Package hyperref Info: Hyper figures OFF on input line 1502.
Package hyperref Info: Link nesting OFF on input line 1507.
Package hyperref Info: Hyper index ON on input line 1510.
Package hyperref Info: Plain pages ON on input line 1515.
Package hyperref Info: Backreferencing OFF on input line 1522.

Implicit mode ON; LaTeX internals redefined
(/usr/share/texmf/tex/latex/html/url.sty
Package: url 1999/03/02  ver 1.4  Verb mode for urls, email addresses, and file
 names
)
\Fld@menulength=\count103
\Field@Width=\dimen119
\Fld@charsize=\dimen120
\Choice@toks=\toks19
\Field@toks=\toks20
Package hyperref Info: Hyper figures OFF on input line 2153.
Package hyperref Info: Link nesting OFF on input line 2158.
Package hyperref Info: Hyper index ON on input line 2161.
Package hyperref Info: backreferencing OFF on input line 2168.
Package hyperref Info: Link coloring ON on input line 2171.
\c@Item=\count104
\c@Hfootnote=\count105
)
*hyperref using driver hpdftex*
(/usr/share/texmf/tex/latex/hyperref/hpdftex.def
File: hpdftex.def 2000/05/08 v6.70f Hyperref driver for pdfTeX

(/usr/share/texmf/tex/latex/psnfss/pifont.sty
Package: pifont 1999/03/29 PSNFSS v.7.2 Pi font support : S Rahtz
LaTeX Font Info:    Try loading font information for U+pzd on input line 63.

(/usr/share/texmf/tex/latex/psnfss/upzd.fd
File: upzd.fd 1998/07/06 font definitions for U/pzd.
)
LaTeX Font Info:    Try loading font information for U+psy on input line 64.

(/usr/share/texmf/tex/latex/psnfss/upsy.fd
File: upsy.fd 1998/07/06 font definitions for U/psy.
))
\Fld@listcount=\count106
\@outlinefile=\write3
)
(/usr/share/texmf/tex/latex/misc/float.sty
Package: float 1999/05/29 v1.2d Float enhancements (AL)
\c@float@type=\count107
\float@box=\box28
\@floatcapt=\box29
)
(/usr/share/texmf/tex/latex/dstroke/dsfont.sty
Package: dsfont 1995/08/01 v0.1 Double stroke roman fonts
)
No file Steward_solutions_1_5__1_6__2_1__2_2__2_3.aux.
\openout1 = `Steward_solutions_1_5__1_6__2_1__2_2__2_3.aux'.

LaTeX Font Info:    Checking defaults for OML/cmm/m/it on input line 128.
LaTeX Font Info:    ... okay on input line 128.
LaTeX Font Info:    Checking defaults for T1/cmr/m/n on input line 128.
LaTeX Font Info:    ... okay on input line 128.
LaTeX Font Info:    Checking defaults for OT1/cmr/m/n on input line 128.
LaTeX Font Info:    ... okay on input line 128.
LaTeX Font Info:    Checking defaults for OMS/pzccm/m/n on input line 128.
LaTeX Font Info:    Try loading font information for OMS+pzccm on input line 12
8.
(/usr/share/texmf/tex/latex/mathptm/omspzccm.fd
File: omspzccm.fd 1998/07/01 Fontinst v1.800 font definitions for OMS/pzccm.
)
LaTeX Font Info:    ... okay on input line 128.
LaTeX Font Info:    Checking defaults for OMX/cmex/m/n on input line 128.
LaTeX Font Info:    ... okay on input line 128.
LaTeX Font Info:    Checking defaults for U/cmr/m/n on input line 128.
LaTeX Font Info:    ... okay on input line 128.
LaTeX Font Info:    Checking defaults for PD1/pdf/m/n on input line 128.
LaTeX Font Info:    ... okay on input line 128.

(/usr/share/texmf/tex/context/base/supp-pdf.tex
(/usr/share/texmf/tex/context/base/supp-mis.tex
loading : Context Support Macros / Missing
\protectiondepth=\count108
\scratchcounter=\count109
\scratchdimen=\dimen121
\scratchskip=\skip46
\scratchmuskip=\muskip11
\scratchbox=\box30
\scratchread=\read1
\scratchwrite=\write4
\nextbox=\box31
\nextdepth=\dimen122
\everyline=\toks21
\!!counta=\count110
\!!countb=\count111
\recursecounter=\count112
)
loading : Context Support Macros / PDF
\nofMPsegments=\count113
\nofMParguments=\count114
)
Package hyperref Info: Link coloring ON on input line 128.
 (/usr/share/texmf/tex/latex/hyperref/nameref.sty
Package: nameref 2000/05/08 v2.18 Cross-referencing by name of section
\c@section@level=\count115
)
\openout3 = `Steward_solutions_1_5__1_6__2_1__2_2__2_3.out'.

LaTeX Info: Redefining \ref on input line 128.
LaTeX Info: Redefining \pageref on input line 128.
LaTeX Font Info:    Font shape `T1/ptm/bx/n' in size <20.74> not available
(Font)              Font shape `T1/ptm/b/n' tried instead on input line 139.
LaTeX Font Info:    Try loading font information for OT1+ptmcm on input line 13
9.

(/usr/share/texmf/tex/latex/mathptm/ot1ptmcm.fd
File: ot1ptmcm.fd 1998/07/01 Fontinst v1.800 font definitions for OT1/ptmcm.
)
LaTeX Font Info:    Try loading font information for OML+ptmcm on input line 13
9.

(/usr/share/texmf/tex/latex/mathptm/omlptmcm.fd
File: omlptmcm.fd 1998/07/01 Fontinst v1.800 font definitions for OML/ptmcm.
)
LaTeX Font Info:    Try loading font information for OMX+psycm on input line 13
9.

(/usr/share/texmf/tex/latex/mathptm/omxpsycm.fd
File: omxpsycm.fd 1998/07/01 Fontinst v1.800 font definitions for OMX/psycm.
)
LaTeX Font Info:    Try loading font information for U+msa on input line 139.

(/usr/share/texmf/tex/latex/amsfonts/umsa.fd
File: umsa.fd 1995/01/05 v2.2e AMS font definitions
)
LaTeX Font Info:    Try loading font information for U+msb on input line 139.

(/usr/share/texmf/tex/latex/amsfonts/umsb.fd
File: umsb.fd 1995/01/05 v2.2e AMS font definitions
)
LaTeX Font Info:    Font shape `OT1/ptm/bx/n' in size <14.4> not available
(Font)              Font shape `OT1/ptm/b/n' tried instead on input line 139.
LaTeX Font Info:    Font shape `OT1/ptm/bx/n' in size <10.95> not available
(Font)              Font shape `OT1/ptm/b/n' tried instead on input line 139.
LaTeX Font Info:    Font shape `OT1/ptm/bx/n' in size <8> not available
(Font)              Font shape `OT1/ptm/b/n' tried instead on input line 139.
LaTeX Font Info:    Font shape `T1/ptm/bx/n' in size <17.28> not available
(Font)              Font shape `T1/ptm/b/n' tried instead on input line 140.
\tf@toc=\write5
\openout5 = `Steward_solutions_1_5__1_6__2_1__2_2__2_3.toc'.

LaTeX Font Info:    Font shape `T1/ptm/bx/n' in size <14.4> not available
(Font)              Font shape `T1/ptm/b/n' tried instead on input line 149.


Package hyperref Warning: Token not allowed in a PDFDocEncoded string,
(hyperref)                removing `\noindent' on input line 149.

LaTeX Font Info:    Font shape `OT1/ptm/bx/n' in size <12> not available
(Font)              Font shape `OT1/ptm/b/n' tried instead on input line 155.
LaTeX Font Info:    Font shape `OT1/ptm/bx/n' in size <9> not available
(Font)              Font shape `OT1/ptm/b/n' tried instead on input line 155.
LaTeX Font Info:    Font shape `OT1/ptm/bx/n' in size <7> not available
(Font)              Font shape `OT1/ptm/b/n' tried instead on input line 155.
LaTeX Font Info:    Font shape `T1/ptm/bx/n' in size <12> not available
(Font)              Font shape `T1/ptm/b/n' tried instead on input line 159.

LaTeX Warning: Reference `refy4' on page 1 undefined on input line 159.

<question1_5_14.pdf 180.67499pt, 126.47249pt, obj 12>
File: question1_5_14.pdf Graphic file (type pdf)
 <use question1_5_14.pdf>

LaTeX Warning: Reference `refy4b' on page 1 undefined on input line 173.

<question1_5_14b.pdf 180.67499pt, 126.47249pt, obj 16>
File: question1_5_14b.pdf Graphic file (type pdf)

<use question1_5_14b.pdf>

LaTeX Warning: `h' float specifier changed to `ht'.

[1

[/usr/share/texmf/dvips/config/pdftex.map] <./question1_5_14.pdf>]

LaTeX Warning: Reference `eqntrivial' on page 2 undefined on input line 194.


LaTeX Warning: Reference `eqnnotsotrivial' on page 2 undefined on input line 19
5.

LaTeX Font Info:    Font shape `OT1/ptm/bx/n' in size <10> not available
(Font)              Font shape `OT1/ptm/b/n' tried instead on input line 208.
LaTeX Font Info:    Font shape `OT1/ptm/bx/n' in size <7.4> not available
(Font)              Font shape `OT1/ptm/b/n' tried instead on input line 208.
LaTeX Font Info:    Font shape `OT1/ptm/bx/n' in size <6> not available
(Font)              Font shape `OT1/ptm/b/n' tried instead on input line 208.

LaTeX Warning: Reference `geom' on page 2 undefined on input line 212.


LaTeX Warning: Reference `geom' on page 2 undefined on input line 214.

[2 <./question1_5_14b.pdf>]
LaTeX Font Info:    Font shape `T1/ptm/bx/n' in size <10> not available
(Font)              Font shape `T1/ptm/b/n' tried instead on input line 241.


LaTeX Warning: Reference `decayofsodium' on page 3 undefined on input line 241.



LaTeX Warning: Reference `eqntrivial' on page 3 undefined on input line 247.


LaTeX Warning: Reference `expbasic' on page 3 undefined on input line 252.


LaTeX Warning: Reference `halflife' on page 3 undefined on input line 252.


LaTeX Warning: Reference `a15' on page 3 undefined on input line 258.

<question1_5_24.pdf 180.67499pt, 126.47249pt, obj 63>
File: question1_5_24.pdf Graphic file (type pdf)
 <use question1_5_24.pdf>

LaTeX Warning: Reference `decayofsodium' on page 3 undefined on input line 277.



LaTeX Warning: `h' float specifier changed to `ht'.


LaTeX Warning: Reference `decayofsodium' on page 3 undefined on input line 281.


[3]

LaTeX Warning: Reference `equation1to1maybe' on page 4 undefined on input line 
304.

<question1_6_18.pdf 180.67499pt, 126.47249pt, obj 78>
File: question1_6_18.pdf Graphic file (type pdf)
 <use question1_6_18.pdf>
[4 <./question1_5_24.pdf> <./question1_6_18.pdf>]

LaTeX Warning: Reference `1expover1moinsx' on page 5 undefined on input line 33
3.


LaTeX Warning: Reference `graph1exp' on page 5 undefined on input line 333.

<question1_6_28.pdf 180.67499pt, 126.47249pt, obj 97>
File: question1_6_28.pdf Graphic file (type pdf)
 <use question1_6_28.pdf>

LaTeX Warning: Citation `Steward' on page 5 undefined on input line 355.


LaTeX Warning: Reference `sqrt4' on page 5 undefined on input line 369.

[5 <./question1_6_28.pdf>]

LaTeX Warning: Reference `graphln4' on page 6 undefined on input line 387.

<question1_6_42.pdf 180.67499pt, 126.47249pt, obj 115>
File: question1_6_42.pdf Graphic file (type pdf)

<use question1_6_42.pdf> [6 <./question1_6_42.pdf>]

LaTeX Warning: Reference `timefunctionQ' on page 7 undefined on input line 436.



LaTeX Warning: Reference `timefunctionQ' on page 7 undefined on input line 442.



LaTeX Warning: Reference `graphheart' on page 7 undefined on input line 470.

<question2_1_2.pdf 180.67499pt, 126.47249pt, obj 136>
File: question2_1_2.pdf Graphic file (type pdf)
 <use question2_1_2.pdf>
[7]
Overfull \hbox (16.32634pt too wide) in paragraph at lines 482--485
[]\T1/ptm/m/n/12 We want to com-pute the slope of the se-cant line pass-ing thr
ough $[]$ and $[]$.
 []


Overfull \hbox (12.35458pt too wide) in paragraph at lines 490--491
[]\T1/ptm/m/n/12 We have to com-pute the slope of the se-cant line pass-ing thr
ough $[]$ and $[]$
 []


Overfull \hbox (12.35458pt too wide) in paragraph at lines 494--495
[]\T1/ptm/m/n/12 We have to com-pute the slope of the se-cant line pass-ing thr
ough $[]$ and $[]$
 []


Overfull \hbox (12.35458pt too wide) in paragraph at lines 498--499
[]\T1/ptm/m/n/12 We have to com-pute the slope of the se-cant line pass-ing thr
ough $[]$ and $[]$
 []

[8 <./question2_1_2.pdf>]

LaTeX Warning: Reference `linehalf' on page 9 undefined on input line 554.

[9]

LaTeX Warning: Reference `graphtangents' on page 10 undefined on input line 567
.

<question2_1_4.pdf 180.67499pt, 126.47249pt, obj 178>
File: question2_1_4.pdf Graphic file (type pdf)
 <use question2_1_4.pdf>

LaTeX Warning: Reference `graphgalileo' on page 10 undefined on input line 579.


<question2_1_6.pdf 180.67499pt, 126.47249pt, obj 181>
File: question2_1_6.pdf Graphic file (type pdf)
 <use question2_1_6.pdf>
[10 <./question2_1_4.pdf> <./question2_1_6.pdf>]

LaTeX Warning: Citation `Steward' on page 11 undefined on input line 630.


LaTeX Warning: Reference `graphdiscontinuous' on page 11 undefined on input lin
e 636.

LaTeX Font Info:    Try loading font information for U+dsrom on input line 638.

(/usr/share/texmf/tex/latex/dstroke/Udsrom.fd
File: Udsrom.fd 1995/08/01 v0.1 Double stroke roman font definitions
)
<question2_2_6.pdf 180.67499pt, 126.47249pt, obj 212>
File: question2_2_6.pdf Graphic file (type pdf)
 <use question2_2_6.pdf>

LaTeX Warning: `h' float specifier changed to `ht'.


LaTeX Warning: Reference `graphexp62' on page 11 undefined on input line 652.

<question2_2_16.pdf 180.67499pt, 126.47249pt, obj 216>
File: question2_2_16.pdf Graphic file (type pdf)

<use question2_2_16.pdf>

LaTeX Warning: `h' float specifier changed to `ht'.

[11] [12 <./question2_2_6.pdf> <./question2_2_16.pdf>]

LaTeX Warning: Reference `graphlimittan' on page 13 undefined on input line 703
.


LaTeX Warning: Reference `graphlimittanstress' on page 13 undefined on input li
ne 704.


LaTeX Warning: Reference `graphlimittanstress' on page 13 undefined on input li
ne 704.

<question2_2_20a.pdf 180.67499pt, 126.47249pt, obj 246>
File: question2_2_20a.pdf Graphic file (type pdf)

<use question2_2_20a.pdf> <question2_2_20b.pdf 180.67499pt, 126.47249pt,
obj 249>
File: question2_2_20b.pdf Graphic file (type pdf)
 <use question2_2_20b.pdf> [13 <./question2_2_20a.pdf> <./question2_2_20b.pdf>]


LaTeX Warning: Reference `deleteme' on page 14 undefined on input line 744.


LaTeX Warning: Reference `deleteme2' on page 14 undefined on input line 745.


LaTeX Warning: Reference `deleteme3' on page 14 undefined on input line 745.


LaTeX Warning: Reference `deleteme4' on page 14 undefined on input line 746.

[14]

LaTeX Warning: Citation `Steward' on page 15 undefined on input line 779.

[15] (Steward_solutions_1_5__1_6__2_1__2_2__2_3.aux)

LaTeX Warning: There were undefined references.


LaTeX Warning: Label(s) may have changed. Rerun to get cross-references right.

 ) 
Here is how much of TeX's memory you used:
 4255 strings out of 50593
 51451 string characters out of 692055
 104637 words of memory out of 1500001
 7019 multiletter control sequences out of 10000+25000
 83842 words of font info for 148 fonts, out of 400000 for 1000
 26 hyphenation exceptions out of 10000
 30i,8n,39p,334b,523s stack positions out of 3000i,500n,3000p,50000b,5000s
 </var/lib/texmf/pk/ljfour/public/dstroke/dsrom12.600pk><cmex10.pfb><cmmi10.p
fb><cmsy10.pfb><cmr10.pfb><8r.enc>
Output written on Steward_solutions_1_5__1_6__2_1__2_2__2_3.pdf (15 pages, 1324
37 bytes).
